{"/Users/ivaanbola/React/Interviews/Papa-John-Interview/src/components/ButtonCustom.js": {"path":"/Users/ivaanbola/React/Interviews/Papa-John-Interview/src/components/ButtonCustom.js","statementMap":{"0":{"start":{"line":7,"column":21},"end":{"line":29,"column":1}},"1":{"start":{"line":9,"column":88},"end":{"line":9,"column":93}},"2":{"start":{"line":10,"column":4},"end":{"line":12,"column":5}},"3":{"start":{"line":11,"column":8},"end":{"line":11,"column":56}},"4":{"start":{"line":14,"column":4},"end":{"line":26,"column":6}},"5":{"start":{"line":15,"column":41},"end":{"line":15,"column":56}},"6":{"start":{"line":31,"column":15},"end":{"line":57,"column":2}}},"fnMap":{"0":{"name":"(anonymous_0)","decl":{"start":{"line":7,"column":21},"end":{"line":7,"column":22}},"loc":{"start":{"line":7,"column":32},"end":{"line":29,"column":1}},"line":7},"1":{"name":"(anonymous_1)","decl":{"start":{"line":15,"column":35},"end":{"line":15,"column":36}},"loc":{"start":{"line":15,"column":41},"end":{"line":15,"column":56}},"line":15}},"branchMap":{"0":{"loc":{"start":{"line":10,"column":4},"end":{"line":12,"column":5}},"type":"if","locations":[{"start":{"line":10,"column":4},"end":{"line":12,"column":5}},{"start":{},"end":{}}],"line":10},"1":{"loc":{"start":{"line":17,"column":17},"end":{"line":18,"column":85}},"type":"binary-expr","locations":[{"start":{"line":17,"column":17},"end":{"line":17,"column":38}},{"start":{"line":18,"column":16},"end":{"line":18,"column":85}}],"line":17},"2":{"loc":{"start":{"line":21,"column":17},"end":{"line":22,"column":85}},"type":"binary-expr","locations":[{"start":{"line":21,"column":17},"end":{"line":21,"column":39}},{"start":{"line":22,"column":16},"end":{"line":22,"column":85}}],"line":21}},"s":{"0":0,"1":0,"2":0,"3":0,"4":0,"5":0,"6":0},"f":{"0":0,"1":0},"b":{"0":[0,0],"1":[0,0],"2":[0,0]}}
,"/Users/ivaanbola/React/Interviews/Papa-John-Interview/src/components/CustomDrawer.js": {"path":"/Users/ivaanbola/React/Interviews/Papa-John-Interview/src/components/CustomDrawer.js","statementMap":{"0":{"start":{"line":7,"column":21},"end":{"line":74,"column":1}},"1":{"start":{"line":8,"column":25},"end":{"line":17,"column":5}},"2":{"start":{"line":10,"column":12},"end":{"line":10,"column":55}},"3":{"start":{"line":11,"column":8},"end":{"line":16,"column":10}},"4":{"start":{"line":13,"column":16},"end":{"line":13,"column":51}},"5":{"start":{"line":15,"column":21},"end":{"line":15,"column":37}},"6":{"start":{"line":18,"column":4},"end":{"line":73,"column":6}},"7":{"start":{"line":28,"column":49},"end":{"line":28,"column":91}},"8":{"start":{"line":51,"column":20},"end":{"line":51,"column":35}},"9":{"start":{"line":77,"column":15},"end":{"line":104,"column":2}}},"fnMap":{"0":{"name":"(anonymous_0)","decl":{"start":{"line":7,"column":21},"end":{"line":7,"column":22}},"loc":{"start":{"line":7,"column":30},"end":{"line":74,"column":1}},"line":7},"1":{"name":"(anonymous_1)","decl":{"start":{"line":8,"column":25},"end":{"line":8,"column":26}},"loc":{"start":{"line":8,"column":31},"end":{"line":17,"column":5}},"line":8},"2":{"name":"(anonymous_2)","decl":{"start":{"line":12,"column":12},"end":{"line":12,"column":13}},"loc":{"start":{"line":12,"column":27},"end":{"line":14,"column":13}},"line":12},"3":{"name":"(anonymous_3)","decl":{"start":{"line":15,"column":12},"end":{"line":15,"column":13}},"loc":{"start":{"line":15,"column":21},"end":{"line":15,"column":37}},"line":15},"4":{"name":"(anonymous_4)","decl":{"start":{"line":28,"column":43},"end":{"line":28,"column":44}},"loc":{"start":{"line":28,"column":49},"end":{"line":28,"column":91}},"line":28},"5":{"name":"(anonymous_5)","decl":{"start":{"line":50,"column":43},"end":{"line":50,"column":44}},"loc":{"start":{"line":50,"column":49},"end":{"line":52,"column":17}},"line":50},"6":{"name":"(anonymous_6)","decl":{"start":{"line":61,"column":43},"end":{"line":61,"column":44}},"loc":{"start":{"line":61,"column":49},"end":{"line":62,"column":17}},"line":61}},"branchMap":{"0":{"loc":{"start":{"line":13,"column":16},"end":{"line":13,"column":50}},"type":"binary-expr","locations":[{"start":{"line":13,"column":16},"end":{"line":13,"column":25}},{"start":{"line":13,"column":29},"end":{"line":13,"column":50}}],"line":13}},"s":{"0":0,"1":0,"2":0,"3":0,"4":0,"5":0,"6":0,"7":0,"8":0,"9":0},"f":{"0":0,"1":0,"2":0,"3":0,"4":0,"5":0,"6":0},"b":{"0":[0,0]}}
,"/Users/ivaanbola/React/Interviews/Papa-John-Interview/src/components/CustomSwitch.js": {"path":"/Users/ivaanbola/React/Interviews/Papa-John-Interview/src/components/CustomSwitch.js","statementMap":{"0":{"start":{"line":8,"column":49},"end":{"line":8,"column":72}},"1":{"start":{"line":9,"column":31},"end":{"line":9,"column":70}},"2":{"start":{"line":9,"column":52},"end":{"line":9,"column":69}},"3":{"start":{"line":11,"column":29},"end":{"line":14,"column":5}},"4":{"start":{"line":12,"column":8},"end":{"line":12,"column":32}},"5":{"start":{"line":13,"column":8},"end":{"line":13,"column":30}},"6":{"start":{"line":15,"column":20},"end":{"line":15,"column":21}},"7":{"start":{"line":16,"column":4},"end":{"line":22,"column":5}},"8":{"start":{"line":17,"column":8},"end":{"line":21,"column":11}},"9":{"start":{"line":18,"column":12},"end":{"line":20,"column":13}},"10":{"start":{"line":19,"column":16},"end":{"line":19,"column":51}},"11":{"start":{"line":23,"column":4},"end":{"line":54,"column":6}},"12":{"start":{"line":27,"column":49},"end":{"line":27,"column":68}},"13":{"start":{"line":37,"column":49},"end":{"line":37,"column":68}},"14":{"start":{"line":58,"column":15},"end":{"line":90,"column":2}}},"fnMap":{"0":{"name":"CustomSwitch","decl":{"start":{"line":7,"column":24},"end":{"line":7,"column":36}},"loc":{"start":{"line":7,"column":90},"end":{"line":55,"column":1}},"line":7},"1":{"name":"(anonymous_1)","decl":{"start":{"line":9,"column":43},"end":{"line":9,"column":44}},"loc":{"start":{"line":9,"column":52},"end":{"line":9,"column":69}},"line":9},"2":{"name":"(anonymous_2)","decl":{"start":{"line":11,"column":29},"end":{"line":11,"column":30}},"loc":{"start":{"line":11,"column":38},"end":{"line":14,"column":5}},"line":11},"3":{"name":"(anonymous_3)","decl":{"start":{"line":17,"column":25},"end":{"line":17,"column":26}},"loc":{"start":{"line":17,"column":31},"end":{"line":21,"column":9}},"line":17},"4":{"name":"(anonymous_4)","decl":{"start":{"line":27,"column":43},"end":{"line":27,"column":44}},"loc":{"start":{"line":27,"column":49},"end":{"line":27,"column":68}},"line":27},"5":{"name":"(anonymous_5)","decl":{"start":{"line":37,"column":43},"end":{"line":37,"column":44}},"loc":{"start":{"line":37,"column":49},"end":{"line":37,"column":68}},"line":37}},"branchMap":{"0":{"loc":{"start":{"line":16,"column":4},"end":{"line":22,"column":5}},"type":"if","locations":[{"start":{"line":16,"column":4},"end":{"line":22,"column":5}},{"start":{},"end":{}}],"line":16},"1":{"loc":{"start":{"line":18,"column":12},"end":{"line":20,"column":13}},"type":"if","locations":[{"start":{"line":18,"column":12},"end":{"line":20,"column":13}},{"start":{},"end":{}}],"line":18},"2":{"loc":{"start":{"line":29,"column":37},"end":{"line":29,"column":82}},"type":"cond-expr","locations":[{"start":{"line":29,"column":61},"end":{"line":29,"column":70}},{"start":{"line":29,"column":73},"end":{"line":29,"column":82}}],"line":29},"3":{"loc":{"start":{"line":32,"column":50},"end":{"line":32,"column":93}},"type":"cond-expr","locations":[{"start":{"line":32,"column":74},"end":{"line":32,"column":81}},{"start":{"line":32,"column":84},"end":{"line":32,"column":93}}],"line":32},"4":{"loc":{"start":{"line":39,"column":37},"end":{"line":39,"column":82}},"type":"cond-expr","locations":[{"start":{"line":39,"column":61},"end":{"line":39,"column":70}},{"start":{"line":39,"column":73},"end":{"line":39,"column":82}}],"line":39},"5":{"loc":{"start":{"line":43,"column":50},"end":{"line":43,"column":93}},"type":"cond-expr","locations":[{"start":{"line":43,"column":74},"end":{"line":43,"column":81}},{"start":{"line":43,"column":84},"end":{"line":43,"column":93}}],"line":43},"6":{"loc":{"start":{"line":46,"column":17},"end":{"line":50,"column":18}},"type":"binary-expr","locations":[{"start":{"line":46,"column":18},"end":{"line":46,"column":33}},{"start":{"line":47,"column":16},"end":{"line":50,"column":18}}],"line":46}},"s":{"0":0,"1":0,"2":0,"3":0,"4":0,"5":0,"6":0,"7":0,"8":0,"9":0,"10":0,"11":0,"12":0,"13":0,"14":0},"f":{"0":0,"1":0,"2":0,"3":0,"4":0,"5":0},"b":{"0":[0,0],"1":[0,0],"2":[0,0],"3":[0,0],"4":[0,0],"5":[0,0],"6":[0,0]}}
,"/Users/ivaanbola/React/Interviews/Papa-John-Interview/src/components/Header.js": {"path":"/Users/ivaanbola/React/Interviews/Papa-John-Interview/src/components/Header.js","statementMap":{"0":{"start":{"line":7,"column":15},"end":{"line":33,"column":1}},"1":{"start":{"line":9,"column":30},"end":{"line":9,"column":35}},"2":{"start":{"line":11,"column":4},"end":{"line":32,"column":6}},"3":{"start":{"line":18,"column":24},"end":{"line":18,"column":54}},"4":{"start":{"line":26,"column":53},"end":{"line":26,"column":82}},"5":{"start":{"line":36,"column":15},"end":{"line":94,"column":2}}},"fnMap":{"0":{"name":"(anonymous_0)","decl":{"start":{"line":7,"column":15},"end":{"line":7,"column":16}},"loc":{"start":{"line":7,"column":26},"end":{"line":33,"column":1}},"line":7},"1":{"name":"(anonymous_1)","decl":{"start":{"line":17,"column":29},"end":{"line":17,"column":30}},"loc":{"start":{"line":17,"column":35},"end":{"line":19,"column":21}},"line":17},"2":{"name":"(anonymous_2)","decl":{"start":{"line":26,"column":47},"end":{"line":26,"column":48}},"loc":{"start":{"line":26,"column":53},"end":{"line":26,"column":82}},"line":26}},"branchMap":{"0":{"loc":{"start":{"line":14,"column":17},"end":{"line":21,"column":35}},"type":"binary-expr","locations":[{"start":{"line":14,"column":17},"end":{"line":14,"column":23}},{"start":{"line":15,"column":16},"end":{"line":21,"column":35}}],"line":14}},"s":{"0":0,"1":0,"2":0,"3":0,"4":0,"5":0},"f":{"0":0,"1":0,"2":0},"b":{"0":[0,0]}}
,"/Users/ivaanbola/React/Interviews/Papa-John-Interview/src/components/Product.js": {"path":"/Users/ivaanbola/React/Interviews/Papa-John-Interview/src/components/Product.js","statementMap":{"0":{"start":{"line":6,"column":29},"end":{"line":20,"column":5}},"1":{"start":{"line":7,"column":32},"end":{"line":7,"column":50}},"2":{"start":{"line":10,"column":8},"end":{"line":16,"column":9}},"3":{"start":{"line":11,"column":12},"end":{"line":11,"column":46}},"4":{"start":{"line":12,"column":15},"end":{"line":16,"column":9}},"5":{"start":{"line":13,"column":12},"end":{"line":13,"column":59}},"6":{"start":{"line":15,"column":12},"end":{"line":15,"column":47}},"7":{"start":{"line":18,"column":28},"end":{"line":18,"column":62}},"8":{"start":{"line":19,"column":8},"end":{"line":19,"column":29}},"9":{"start":{"line":22,"column":20},"end":{"line":22,"column":40}},"10":{"start":{"line":24,"column":4},"end":{"line":72,"column":6}},"11":{"start":{"line":28,"column":20},"end":{"line":28,"column":63}},"12":{"start":{"line":57,"column":76},"end":{"line":57,"column":105}},"13":{"start":{"line":63,"column":57},"end":{"line":63,"column":80}},"14":{"start":{"line":75,"column":15},"end":{"line":127,"column":2}},"15":{"start":{"line":129,"column":0},"end":{"line":142,"column":2}}},"fnMap":{"0":{"name":"Product","decl":{"start":{"line":5,"column":24},"end":{"line":5,"column":31}},"loc":{"start":{"line":5,"column":63},"end":{"line":73,"column":1}},"line":5},"1":{"name":"(anonymous_1)","decl":{"start":{"line":6,"column":29},"end":{"line":6,"column":30}},"loc":{"start":{"line":6,"column":41},"end":{"line":20,"column":5}},"line":6},"2":{"name":"(anonymous_2)","decl":{"start":{"line":27,"column":43},"end":{"line":27,"column":44}},"loc":{"start":{"line":28,"column":20},"end":{"line":28,"column":63}},"line":28},"3":{"name":"(anonymous_3)","decl":{"start":{"line":57,"column":70},"end":{"line":57,"column":71}},"loc":{"start":{"line":57,"column":76},"end":{"line":57,"column":105}},"line":57},"4":{"name":"(anonymous_4)","decl":{"start":{"line":63,"column":51},"end":{"line":63,"column":52}},"loc":{"start":{"line":63,"column":57},"end":{"line":63,"column":80}},"line":63}},"branchMap":{"0":{"loc":{"start":{"line":7,"column":32},"end":{"line":7,"column":50}},"type":"binary-expr","locations":[{"start":{"line":7,"column":32},"end":{"line":7,"column":45}},{"start":{"line":7,"column":49},"end":{"line":7,"column":50}}],"line":7},"1":{"loc":{"start":{"line":10,"column":8},"end":{"line":16,"column":9}},"type":"if","locations":[{"start":{"line":10,"column":8},"end":{"line":16,"column":9}},{"start":{"line":12,"column":15},"end":{"line":16,"column":9}}],"line":10},"2":{"loc":{"start":{"line":12,"column":15},"end":{"line":16,"column":9}},"type":"if","locations":[{"start":{"line":12,"column":15},"end":{"line":16,"column":9}},{"start":{"line":14,"column":15},"end":{"line":16,"column":9}}],"line":12},"3":{"loc":{"start":{"line":15,"column":26},"end":{"line":15,"column":46}},"type":"binary-expr","locations":[{"start":{"line":15,"column":26},"end":{"line":15,"column":41}},{"start":{"line":15,"column":45},"end":{"line":15,"column":46}}],"line":15},"4":{"loc":{"start":{"line":58,"column":87},"end":{"line":58,"column":118}},"type":"cond-expr","locations":[{"start":{"line":58,"column":97},"end":{"line":58,"column":106}},{"start":{"line":58,"column":109},"end":{"line":58,"column":118}}],"line":58}},"s":{"0":4,"1":3,"2":3,"3":2,"4":1,"5":1,"6":0,"7":3,"8":3,"9":4,"10":4,"11":0,"12":1,"13":2,"14":1,"15":1},"f":{"0":4,"1":3,"2":0,"3":1,"4":2},"b":{"0":[3,0],"1":[2,1],"2":[1,0],"3":[0,0],"4":[3,1]},"_coverageSchema":"1a1c01bbd47fc00a2c39e90264f33305004495a9","hash":"93372a2d102ba24bc135dedd9d9882fc89426495"}
,"/Users/ivaanbola/React/Interviews/Papa-John-Interview/src/components/ToggleSwitch.js": {"path":"/Users/ivaanbola/React/Interviews/Papa-John-Interview/src/components/ToggleSwitch.js","statementMap":{"0":{"start":{"line":9,"column":8},"end":{"line":34,"column":9}},"1":{"start":{"line":11,"column":16},"end":{"line":17,"column":18}},"2":{"start":{"line":19,"column":16},"end":{"line":25,"column":18}},"3":{"start":{"line":27,"column":16},"end":{"line":33,"column":18}},"4":{"start":{"line":37,"column":23},"end":{"line":65,"column":5}},"5":{"start":{"line":67,"column":26},"end":{"line":84,"column":5}},"6":{"start":{"line":86,"column":14},"end":{"line":86,"column":35}},"7":{"start":{"line":87,"column":17},"end":{"line":87,"column":66}},"8":{"start":{"line":89,"column":30},"end":{"line":100,"column":5}},"9":{"start":{"line":89,"column":36},"end":{"line":100,"column":5}},"10":{"start":{"line":102,"column":30},"end":{"line":126,"column":5}},"11":{"start":{"line":102,"column":36},"end":{"line":126,"column":5}},"12":{"start":{"line":140,"column":12},"end":{"line":140,"column":22}},"13":{"start":{"line":143,"column":8},"end":{"line":149,"column":9}},"14":{"start":{"line":144,"column":12},"end":{"line":144,"column":73}},"15":{"start":{"line":145,"column":15},"end":{"line":149,"column":9}},"16":{"start":{"line":146,"column":12},"end":{"line":146,"column":74}},"17":{"start":{"line":148,"column":12},"end":{"line":148,"column":25}},"18":{"start":{"line":151,"column":8},"end":{"line":155,"column":19}},"19":{"start":{"line":157,"column":8},"end":{"line":176,"column":10}},"20":{"start":{"line":166,"column":36},"end":{"line":166,"column":86}},"21":{"start":{"line":180,"column":15},"end":{"line":188,"column":2}}},"fnMap":{"0":{"name":"(anonymous_0)","decl":{"start":{"line":8,"column":4},"end":{"line":8,"column":5}},"loc":{"start":{"line":8,"column":37},"end":{"line":35,"column":5}},"line":8},"1":{"name":"(anonymous_1)","decl":{"start":{"line":89,"column":30},"end":{"line":89,"column":31}},"loc":{"start":{"line":89,"column":36},"end":{"line":100,"column":5}},"line":89},"2":{"name":"(anonymous_2)","decl":{"start":{"line":102,"column":30},"end":{"line":102,"column":31}},"loc":{"start":{"line":102,"column":36},"end":{"line":126,"column":5}},"line":102},"3":{"name":"(anonymous_3)","decl":{"start":{"line":128,"column":4},"end":{"line":128,"column":5}},"loc":{"start":{"line":128,"column":13},"end":{"line":177,"column":5}},"line":128},"4":{"name":"(anonymous_4)","decl":{"start":{"line":166,"column":29},"end":{"line":166,"column":30}},"loc":{"start":{"line":166,"column":36},"end":{"line":166,"column":86}},"line":166}},"branchMap":{"0":{"loc":{"start":{"line":9,"column":8},"end":{"line":34,"column":9}},"type":"switch","locations":[{"start":{"line":10,"column":12},"end":{"line":17,"column":18}},{"start":{"line":18,"column":12},"end":{"line":25,"column":18}},{"start":{"line":26,"column":12},"end":{"line":33,"column":18}}],"line":9},"1":{"loc":{"start":{"line":95,"column":29},"end":{"line":97,"column":37}},"type":"cond-expr","locations":[{"start":{"line":96,"column":18},"end":{"line":96,"column":36}},{"start":{"line":97,"column":18},"end":{"line":97,"column":37}}],"line":95},"2":{"loc":{"start":{"line":99,"column":8},"end":{"line":99,"column":76}},"type":"cond-expr","locations":[{"start":{"line":99,"column":26},"end":{"line":99,"column":49}},{"start":{"line":99,"column":52},"end":{"line":99,"column":76}}],"line":99},"3":{"loc":{"start":{"line":106,"column":20},"end":{"line":106,"column":49}},"type":"cond-expr","locations":[{"start":{"line":106,"column":44},"end":{"line":106,"column":45}},{"start":{"line":106,"column":48},"end":{"line":106,"column":49}}],"line":106},"4":{"loc":{"start":{"line":107,"column":18},"end":{"line":107,"column":47}},"type":"cond-expr","locations":[{"start":{"line":107,"column":42},"end":{"line":107,"column":43}},{"start":{"line":107,"column":46},"end":{"line":107,"column":47}}],"line":107},"5":{"loc":{"start":{"line":109,"column":29},"end":{"line":111,"column":43}},"type":"cond-expr","locations":[{"start":{"line":110,"column":18},"end":{"line":110,"column":42}},{"start":{"line":111,"column":18},"end":{"line":111,"column":43}}],"line":109},"6":{"loc":{"start":{"line":125,"column":8},"end":{"line":125,"column":76}},"type":"cond-expr","locations":[{"start":{"line":125,"column":26},"end":{"line":125,"column":49}},{"start":{"line":125,"column":52},"end":{"line":125,"column":76}}],"line":125},"7":{"loc":{"start":{"line":143,"column":8},"end":{"line":149,"column":9}},"type":"if","locations":[{"start":{"line":143,"column":8},"end":{"line":149,"column":9}},{"start":{"line":145,"column":15},"end":{"line":149,"column":9}}],"line":143},"8":{"loc":{"start":{"line":143,"column":12},"end":{"line":143,"column":38}},"type":"binary-expr","locations":[{"start":{"line":143,"column":12},"end":{"line":143,"column":30}},{"start":{"line":143,"column":34},"end":{"line":143,"column":38}}],"line":143},"9":{"loc":{"start":{"line":145,"column":15},"end":{"line":149,"column":9}},"type":"if","locations":[{"start":{"line":145,"column":15},"end":{"line":149,"column":9}},{"start":{"line":147,"column":15},"end":{"line":149,"column":9}}],"line":145},"10":{"loc":{"start":{"line":145,"column":19},"end":{"line":145,"column":44}},"type":"binary-expr","locations":[{"start":{"line":145,"column":19},"end":{"line":145,"column":36}},{"start":{"line":145,"column":40},"end":{"line":145,"column":44}}],"line":145},"11":{"loc":{"start":{"line":159,"column":17},"end":{"line":161,"column":24}},"type":"cond-expr","locations":[{"start":{"line":160,"column":20},"end":{"line":160,"column":80}},{"start":{"line":161,"column":20},"end":{"line":161,"column":24}}],"line":159},"12":{"loc":{"start":{"line":159,"column":17},"end":{"line":159,"column":50}},"type":"binary-expr","locations":[{"start":{"line":159,"column":17},"end":{"line":159,"column":22}},{"start":{"line":159,"column":26},"end":{"line":159,"column":50}}],"line":159},"13":{"loc":{"start":{"line":166,"column":36},"end":{"line":166,"column":86}},"type":"cond-expr","locations":[{"start":{"line":166,"column":47},"end":{"line":166,"column":51}},{"start":{"line":166,"column":54},"end":{"line":166,"column":86}}],"line":166},"14":{"loc":{"start":{"line":172,"column":17},"end":{"line":174,"column":24}},"type":"cond-expr","locations":[{"start":{"line":173,"column":20},"end":{"line":173,"column":80}},{"start":{"line":174,"column":20},"end":{"line":174,"column":24}}],"line":172},"15":{"loc":{"start":{"line":172,"column":17},"end":{"line":172,"column":51}},"type":"binary-expr","locations":[{"start":{"line":172,"column":17},"end":{"line":172,"column":22}},{"start":{"line":172,"column":26},"end":{"line":172,"column":51}}],"line":172}},"s":{"0":0,"1":0,"2":0,"3":0,"4":0,"5":0,"6":0,"7":0,"8":0,"9":0,"10":0,"11":0,"12":0,"13":0,"14":0,"15":0,"16":0,"17":0,"18":0,"19":0,"20":0,"21":0},"f":{"0":0,"1":0,"2":0,"3":0,"4":0},"b":{"0":[0,0,0],"1":[0,0],"2":[0,0],"3":[0,0],"4":[0,0],"5":[0,0],"6":[0,0],"7":[0,0],"8":[0,0],"9":[0,0],"10":[0,0],"11":[0,0],"12":[0,0],"13":[0,0],"14":[0,0],"15":[0,0]}}
,"/Users/ivaanbola/React/Interviews/Papa-John-Interview/src/navigation/AppStack.js": {"path":"/Users/ivaanbola/React/Interviews/Papa-John-Interview/src/navigation/AppStack.js","statementMap":{"0":{"start":{"line":12,"column":15},"end":{"line":12,"column":38}},"1":{"start":{"line":14,"column":18},"end":{"line":59,"column":1}},"2":{"start":{"line":15,"column":26},"end":{"line":25,"column":5}},"3":{"start":{"line":26,"column":4},"end":{"line":58,"column":6}},"4":{"start":{"line":28,"column":36},"end":{"line":28,"column":63}},"5":{"start":{"line":35,"column":24},"end":{"line":35,"column":80}},"6":{"start":{"line":44,"column":24},"end":{"line":44,"column":92}},"7":{"start":{"line":53,"column":24},"end":{"line":53,"column":84}}},"fnMap":{"0":{"name":"(anonymous_0)","decl":{"start":{"line":14,"column":18},"end":{"line":14,"column":19}},"loc":{"start":{"line":14,"column":24},"end":{"line":59,"column":1}},"line":14},"1":{"name":"(anonymous_1)","decl":{"start":{"line":28,"column":27},"end":{"line":28,"column":28}},"loc":{"start":{"line":28,"column":36},"end":{"line":28,"column":63}},"line":28},"2":{"name":"(anonymous_2)","decl":{"start":{"line":34,"column":32},"end":{"line":34,"column":33}},"loc":{"start":{"line":35,"column":24},"end":{"line":35,"column":80}},"line":35},"3":{"name":"(anonymous_3)","decl":{"start":{"line":43,"column":32},"end":{"line":43,"column":33}},"loc":{"start":{"line":44,"column":24},"end":{"line":44,"column":92}},"line":44},"4":{"name":"(anonymous_4)","decl":{"start":{"line":52,"column":32},"end":{"line":52,"column":33}},"loc":{"start":{"line":53,"column":24},"end":{"line":53,"column":84}},"line":53}},"branchMap":{},"s":{"0":0,"1":0,"2":0,"3":0,"4":0,"5":0,"6":0,"7":0},"f":{"0":0,"1":0,"2":0,"3":0,"4":0},"b":{}}
,"/Users/ivaanbola/React/Interviews/Papa-John-Interview/src/navigation/HomeStack.js": {"path":"/Users/ivaanbola/React/Interviews/Papa-John-Interview/src/navigation/HomeStack.js","statementMap":{"0":{"start":{"line":9,"column":14},"end":{"line":9,"column":36}},"1":{"start":{"line":10,"column":18},"end":{"line":57,"column":1}},"2":{"start":{"line":11,"column":4},"end":{"line":56,"column":6}},"3":{"start":{"line":19,"column":39},"end":{"line":21,"column":37}},"4":{"start":{"line":28,"column":41},"end":{"line":33,"column":17}},"5":{"start":{"line":29,"column":39},"end":{"line":32,"column":37}},"6":{"start":{"line":38,"column":41},"end":{"line":43,"column":17}},"7":{"start":{"line":39,"column":39},"end":{"line":42,"column":37}},"8":{"start":{"line":48,"column":41},"end":{"line":53,"column":17}},"9":{"start":{"line":49,"column":39},"end":{"line":52,"column":37}}},"fnMap":{"0":{"name":"(anonymous_0)","decl":{"start":{"line":10,"column":18},"end":{"line":10,"column":19}},"loc":{"start":{"line":10,"column":24},"end":{"line":57,"column":1}},"line":10},"1":{"name":"(anonymous_1)","decl":{"start":{"line":19,"column":28},"end":{"line":19,"column":29}},"loc":{"start":{"line":19,"column":39},"end":{"line":21,"column":37}},"line":19},"2":{"name":"(anonymous_2)","decl":{"start":{"line":28,"column":25},"end":{"line":28,"column":26}},"loc":{"start":{"line":28,"column":41},"end":{"line":33,"column":17}},"line":28},"3":{"name":"(anonymous_3)","decl":{"start":{"line":29,"column":28},"end":{"line":29,"column":29}},"loc":{"start":{"line":29,"column":39},"end":{"line":32,"column":37}},"line":29},"4":{"name":"(anonymous_4)","decl":{"start":{"line":38,"column":25},"end":{"line":38,"column":26}},"loc":{"start":{"line":38,"column":41},"end":{"line":43,"column":17}},"line":38},"5":{"name":"(anonymous_5)","decl":{"start":{"line":39,"column":28},"end":{"line":39,"column":29}},"loc":{"start":{"line":39,"column":39},"end":{"line":42,"column":37}},"line":39},"6":{"name":"(anonymous_6)","decl":{"start":{"line":48,"column":25},"end":{"line":48,"column":26}},"loc":{"start":{"line":48,"column":41},"end":{"line":53,"column":17}},"line":48},"7":{"name":"(anonymous_7)","decl":{"start":{"line":49,"column":28},"end":{"line":49,"column":29}},"loc":{"start":{"line":49,"column":39},"end":{"line":52,"column":37}},"line":49}},"branchMap":{},"s":{"0":0,"1":0,"2":0,"3":0,"4":0,"5":0,"6":0,"7":0,"8":0,"9":0},"f":{"0":0,"1":0,"2":0,"3":0,"4":0,"5":0,"6":0,"7":0},"b":{}}
,"/Users/ivaanbola/React/Interviews/Papa-John-Interview/src/navigation/MessagesStack.js": {"path":"/Users/ivaanbola/React/Interviews/Papa-John-Interview/src/navigation/MessagesStack.js","statementMap":{"0":{"start":{"line":6,"column":14},"end":{"line":6,"column":42}},"1":{"start":{"line":8,"column":22},"end":{"line":23,"column":1}},"2":{"start":{"line":9,"column":4},"end":{"line":22,"column":6}},"3":{"start":{"line":15,"column":39},"end":{"line":17,"column":37}}},"fnMap":{"0":{"name":"(anonymous_0)","decl":{"start":{"line":8,"column":22},"end":{"line":8,"column":23}},"loc":{"start":{"line":8,"column":28},"end":{"line":23,"column":1}},"line":8},"1":{"name":"(anonymous_1)","decl":{"start":{"line":15,"column":28},"end":{"line":15,"column":29}},"loc":{"start":{"line":15,"column":39},"end":{"line":17,"column":37}},"line":15}},"branchMap":{},"s":{"0":0,"1":0,"2":0,"3":0},"f":{"0":0,"1":0},"b":{}}
,"/Users/ivaanbola/React/Interviews/Papa-John-Interview/src/navigation/SettingsStack.js": {"path":"/Users/ivaanbola/React/Interviews/Papa-John-Interview/src/navigation/SettingsStack.js","statementMap":{"0":{"start":{"line":6,"column":14},"end":{"line":6,"column":42}},"1":{"start":{"line":8,"column":22},"end":{"line":23,"column":1}},"2":{"start":{"line":9,"column":4},"end":{"line":22,"column":6}},"3":{"start":{"line":15,"column":39},"end":{"line":17,"column":37}}},"fnMap":{"0":{"name":"(anonymous_0)","decl":{"start":{"line":8,"column":22},"end":{"line":8,"column":23}},"loc":{"start":{"line":8,"column":28},"end":{"line":23,"column":1}},"line":8},"1":{"name":"(anonymous_1)","decl":{"start":{"line":15,"column":28},"end":{"line":15,"column":29}},"loc":{"start":{"line":15,"column":39},"end":{"line":17,"column":37}},"line":15}},"branchMap":{},"s":{"0":0,"1":0,"2":0,"3":0},"f":{"0":0,"1":0},"b":{}}
,"/Users/ivaanbola/React/Interviews/Papa-John-Interview/src/redux/actions.js": {"path":"/Users/ivaanbola/React/Interviews/Papa-John-Interview/src/redux/actions.js","statementMap":{"0":{"start":{"line":4,"column":25},"end":{"line":4,"column":36}},"1":{"start":{"line":5,"column":33},"end":{"line":5,"column":52}},"2":{"start":{"line":6,"column":33},"end":{"line":6,"column":52}},"3":{"start":{"line":7,"column":33},"end":{"line":7,"column":52}},"4":{"start":{"line":9,"column":24},"end":{"line":34,"column":1}},"5":{"start":{"line":10,"column":4},"end":{"line":33,"column":6}},"6":{"start":{"line":11,"column":8},"end":{"line":11,"column":46}},"7":{"start":{"line":13,"column":25},"end":{"line":13,"column":58}},"8":{"start":{"line":15,"column":8},"end":{"line":32,"column":9}},"9":{"start":{"line":16,"column":35},"end":{"line":21,"column":15}},"10":{"start":{"line":16,"column":73},"end":{"line":21,"column":13}},"11":{"start":{"line":23,"column":12},"end":{"line":26,"column":15}},"12":{"start":{"line":28,"column":12},"end":{"line":31,"column":15}},"13":{"start":{"line":36,"column":24},"end":{"line":40,"column":6}},"14":{"start":{"line":36,"column":32},"end":{"line":40,"column":6}},"15":{"start":{"line":37,"column":4},"end":{"line":40,"column":6}}},"fnMap":{"0":{"name":"(anonymous_0)","decl":{"start":{"line":9,"column":24},"end":{"line":9,"column":25}},"loc":{"start":{"line":9,"column":30},"end":{"line":34,"column":1}},"line":9},"1":{"name":"(anonymous_1)","decl":{"start":{"line":10,"column":11},"end":{"line":10,"column":12}},"loc":{"start":{"line":10,"column":29},"end":{"line":33,"column":5}},"line":10},"2":{"name":"(anonymous_2)","decl":{"start":{"line":16,"column":53},"end":{"line":16,"column":54}},"loc":{"start":{"line":16,"column":73},"end":{"line":21,"column":13}},"line":16},"3":{"name":"(anonymous_3)","decl":{"start":{"line":36,"column":24},"end":{"line":36,"column":25}},"loc":{"start":{"line":36,"column":32},"end":{"line":40,"column":6}},"line":36},"4":{"name":"(anonymous_4)","decl":{"start":{"line":36,"column":32},"end":{"line":36,"column":33}},"loc":{"start":{"line":37,"column":4},"end":{"line":40,"column":6}},"line":37}},"branchMap":{"0":{"loc":{"start":{"line":15,"column":8},"end":{"line":32,"column":9}},"type":"if","locations":[{"start":{"line":15,"column":8},"end":{"line":32,"column":9}},{"start":{"line":27,"column":15},"end":{"line":32,"column":9}}],"line":15}},"s":{"0":2,"1":2,"2":2,"3":2,"4":2,"5":3,"6":3,"7":3,"8":3,"9":2,"10":5,"11":2,"12":1,"13":2,"14":1,"15":1},"f":{"0":3,"1":3,"2":5,"3":1,"4":1},"b":{"0":[2,1]},"_coverageSchema":"1a1c01bbd47fc00a2c39e90264f33305004495a9","hash":"4c04c5bfcfcba2273436a359e9555377f0c48fe5"}
,"/Users/ivaanbola/React/Interviews/Papa-John-Interview/src/redux/reducers.js": {"path":"/Users/ivaanbola/React/Interviews/Papa-John-Interview/src/redux/reducers.js","statementMap":{"0":{"start":{"line":8,"column":21},"end":{"line":13,"column":1}},"1":{"start":{"line":16,"column":4},"end":{"line":58,"column":5}},"2":{"start":{"line":18,"column":38},"end":{"line":20,"column":13}},"3":{"start":{"line":19,"column":24},"end":{"line":19,"column":55}},"4":{"start":{"line":22,"column":12},"end":{"line":36,"column":13}},"5":{"start":{"line":24,"column":36},"end":{"line":28,"column":17}},"6":{"start":{"line":25,"column":20},"end":{"line":27,"column":30}},"7":{"start":{"line":29,"column":16},"end":{"line":29,"column":63}},"8":{"start":{"line":32,"column":16},"end":{"line":35,"column":18}},"9":{"start":{"line":38,"column":12},"end":{"line":42,"column":14}},"10":{"start":{"line":44,"column":12},"end":{"line":49,"column":14}},"11":{"start":{"line":51,"column":12},"end":{"line":55,"column":14}},"12":{"start":{"line":57,"column":12},"end":{"line":57,"column":25}}},"fnMap":{"0":{"name":"userReducer","decl":{"start":{"line":15,"column":9},"end":{"line":15,"column":20}},"loc":{"start":{"line":15,"column":51},"end":{"line":59,"column":1}},"line":15},"1":{"name":"(anonymous_1)","decl":{"start":{"line":19,"column":16},"end":{"line":19,"column":17}},"loc":{"start":{"line":19,"column":24},"end":{"line":19,"column":55}},"line":19},"2":{"name":"(anonymous_2)","decl":{"start":{"line":24,"column":59},"end":{"line":24,"column":60}},"loc":{"start":{"line":25,"column":20},"end":{"line":27,"column":30}},"line":25}},"branchMap":{"0":{"loc":{"start":{"line":15,"column":21},"end":{"line":15,"column":41}},"type":"default-arg","locations":[{"start":{"line":15,"column":29},"end":{"line":15,"column":41}}],"line":15},"1":{"loc":{"start":{"line":16,"column":4},"end":{"line":58,"column":5}},"type":"switch","locations":[{"start":{"line":17,"column":8},"end":{"line":36,"column":13}},{"start":{"line":37,"column":8},"end":{"line":42,"column":14}},{"start":{"line":43,"column":8},"end":{"line":49,"column":14}},{"start":{"line":50,"column":8},"end":{"line":55,"column":14}},{"start":{"line":56,"column":8},"end":{"line":57,"column":25}}],"line":16},"2":{"loc":{"start":{"line":22,"column":12},"end":{"line":36,"column":13}},"type":"if","locations":[{"start":{"line":22,"column":12},"end":{"line":36,"column":13}},{"start":{"line":30,"column":19},"end":{"line":36,"column":13}}],"line":22},"3":{"loc":{"start":{"line":25,"column":20},"end":{"line":27,"column":30}},"type":"cond-expr","locations":[{"start":{"line":26,"column":26},"end":{"line":26,"column":72}},{"start":{"line":27,"column":26},"end":{"line":27,"column":30}}],"line":25}},"s":{"0":1,"1":8,"2":4,"3":3,"4":4,"5":3,"6":3,"7":3,"8":1,"9":1,"10":1,"11":1,"12":1},"f":{"0":8,"1":3,"2":3},"b":{"0":[1],"1":[4,1,1,1,1],"2":[3,1],"3":[3,0]},"_coverageSchema":"1a1c01bbd47fc00a2c39e90264f33305004495a9","hash":"749b879d743cd6466de9b20dd69dc11a50e2ab96"}
,"/Users/ivaanbola/React/Interviews/Papa-John-Interview/src/redux/store.js": {"path":"/Users/ivaanbola/React/Interviews/Papa-John-Interview/src/redux/store.js","statementMap":{"0":{"start":{"line":5,"column":20},"end":{"line":5,"column":52}},"1":{"start":{"line":7,"column":21},"end":{"line":7,"column":69}}},"fnMap":{},"branchMap":{},"s":{"0":0,"1":0},"f":{},"b":{}}
,"/Users/ivaanbola/React/Interviews/Papa-John-Interview/src/screens/FavoriteScreen.js": {"path":"/Users/ivaanbola/React/Interviews/Papa-John-Interview/src/screens/FavoriteScreen.js","statementMap":{"0":{"start":{"line":4,"column":23},"end":{"line":10,"column":1}},"1":{"start":{"line":5,"column":2},"end":{"line":9,"column":3}}},"fnMap":{"0":{"name":"(anonymous_0)","decl":{"start":{"line":4,"column":23},"end":{"line":4,"column":24}},"loc":{"start":{"line":4,"column":29},"end":{"line":10,"column":1}},"line":4}},"branchMap":{},"s":{"0":0,"1":0},"f":{"0":0},"b":{}}
,"/Users/ivaanbola/React/Interviews/Papa-John-Interview/src/screens/GameDetail.js": {"path":"/Users/ivaanbola/React/Interviews/Papa-John-Interview/src/screens/GameDetail.js","statementMap":{"0":{"start":{"line":8,"column":19},"end":{"line":91,"column":1}},"1":{"start":{"line":10,"column":23},"end":{"line":10,"column":28}},"2":{"start":{"line":11,"column":17},"end":{"line":11,"column":29}},"3":{"start":{"line":12,"column":36},"end":{"line":12,"column":64}},"4":{"start":{"line":13,"column":21},"end":{"line":13,"column":34}},"5":{"start":{"line":15,"column":29},"end":{"line":30,"column":5}},"6":{"start":{"line":16,"column":32},"end":{"line":16,"column":40}},"7":{"start":{"line":19,"column":8},"end":{"line":25,"column":9}},"8":{"start":{"line":20,"column":12},"end":{"line":20,"column":46}},"9":{"start":{"line":21,"column":15},"end":{"line":25,"column":9}},"10":{"start":{"line":22,"column":12},"end":{"line":22,"column":59}},"11":{"start":{"line":24,"column":12},"end":{"line":24,"column":47}},"12":{"start":{"line":27,"column":8},"end":{"line":27,"column":33}},"13":{"start":{"line":28,"column":28},"end":{"line":28,"column":62}},"14":{"start":{"line":29,"column":8},"end":{"line":29,"column":40}},"15":{"start":{"line":32,"column":20},"end":{"line":32,"column":35}},"16":{"start":{"line":34,"column":4},"end":{"line":90,"column":6}},"17":{"start":{"line":75,"column":76},"end":{"line":75,"column":105}},"18":{"start":{"line":81,"column":57},"end":{"line":81,"column":80}},"19":{"start":{"line":92,"column":15},"end":{"line":151,"column":2}},"20":{"start":{"line":153,"column":0},"end":{"line":169,"column":2}}},"fnMap":{"0":{"name":"(anonymous_0)","decl":{"start":{"line":8,"column":19},"end":{"line":8,"column":20}},"loc":{"start":{"line":8,"column":46},"end":{"line":91,"column":1}},"line":8},"1":{"name":"(anonymous_1)","decl":{"start":{"line":15,"column":29},"end":{"line":15,"column":30}},"loc":{"start":{"line":15,"column":41},"end":{"line":30,"column":5}},"line":15},"2":{"name":"(anonymous_2)","decl":{"start":{"line":75,"column":70},"end":{"line":75,"column":71}},"loc":{"start":{"line":75,"column":76},"end":{"line":75,"column":105}},"line":75},"3":{"name":"(anonymous_3)","decl":{"start":{"line":81,"column":51},"end":{"line":81,"column":52}},"loc":{"start":{"line":81,"column":57},"end":{"line":81,"column":80}},"line":81}},"branchMap":{"0":{"loc":{"start":{"line":12,"column":45},"end":{"line":12,"column":63}},"type":"binary-expr","locations":[{"start":{"line":12,"column":45},"end":{"line":12,"column":58}},{"start":{"line":12,"column":62},"end":{"line":12,"column":63}}],"line":12},"1":{"loc":{"start":{"line":19,"column":8},"end":{"line":25,"column":9}},"type":"if","locations":[{"start":{"line":19,"column":8},"end":{"line":25,"column":9}},{"start":{"line":21,"column":15},"end":{"line":25,"column":9}}],"line":19},"2":{"loc":{"start":{"line":21,"column":15},"end":{"line":25,"column":9}},"type":"if","locations":[{"start":{"line":21,"column":15},"end":{"line":25,"column":9}},{"start":{"line":23,"column":15},"end":{"line":25,"column":9}}],"line":21},"3":{"loc":{"start":{"line":24,"column":26},"end":{"line":24,"column":46}},"type":"binary-expr","locations":[{"start":{"line":24,"column":26},"end":{"line":24,"column":41}},{"start":{"line":24,"column":45},"end":{"line":24,"column":46}}],"line":24},"4":{"loc":{"start":{"line":76,"column":87},"end":{"line":76,"column":118}},"type":"cond-expr","locations":[{"start":{"line":76,"column":97},"end":{"line":76,"column":106}},{"start":{"line":76,"column":109},"end":{"line":76,"column":118}}],"line":76}},"s":{"0":0,"1":0,"2":0,"3":0,"4":0,"5":0,"6":0,"7":0,"8":0,"9":0,"10":0,"11":0,"12":0,"13":0,"14":0,"15":0,"16":0,"17":0,"18":0,"19":0,"20":0},"f":{"0":0,"1":0,"2":0,"3":0},"b":{"0":[0,0],"1":[0,0],"2":[0,0],"3":[0,0],"4":[0,0]}}
,"/Users/ivaanbola/React/Interviews/Papa-John-Interview/src/screens/HomeScreen.js": {"path":"/Users/ivaanbola/React/Interviews/Papa-John-Interview/src/screens/HomeScreen.js","statementMap":{"0":{"start":{"line":11,"column":36},"end":{"line":11,"column":47}},"1":{"start":{"line":12,"column":52},"end":{"line":12,"column":91}},"2":{"start":{"line":12,"column":73},"end":{"line":12,"column":90}},"3":{"start":{"line":13,"column":21},"end":{"line":13,"column":34}},"4":{"start":{"line":15,"column":22},"end":{"line":18,"column":5}},"5":{"start":{"line":16,"column":14},"end":{"line":16,"column":60}},"6":{"start":{"line":16,"column":41},"end":{"line":16,"column":59}},"7":{"start":{"line":20,"column":4},"end":{"line":22,"column":11}},"8":{"start":{"line":21,"column":8},"end":{"line":21,"column":29}},"9":{"start":{"line":24,"column":27},"end":{"line":26,"column":5}},"10":{"start":{"line":25,"column":8},"end":{"line":25,"column":27}},"11":{"start":{"line":28,"column":4},"end":{"line":112,"column":6}},"12":{"start":{"line":54,"column":43},"end":{"line":54,"column":63}},"13":{"start":{"line":62,"column":48},"end":{"line":62,"column":67}},"14":{"start":{"line":64,"column":28},"end":{"line":68,"column":30}},"15":{"start":{"line":67,"column":49},"end":{"line":67,"column":73}},"16":{"start":{"line":90,"column":52},"end":{"line":90,"column":71}},"17":{"start":{"line":92,"column":32},"end":{"line":96,"column":34}},"18":{"start":{"line":95,"column":55},"end":{"line":95,"column":79}},"19":{"start":{"line":105,"column":32},"end":{"line":105,"column":68}},"20":{"start":{"line":114,"column":15},"end":{"line":163,"column":2}}},"fnMap":{"0":{"name":"HomeScreen","decl":{"start":{"line":10,"column":24},"end":{"line":10,"column":34}},"loc":{"start":{"line":10,"column":51},"end":{"line":113,"column":1}},"line":10},"1":{"name":"(anonymous_1)","decl":{"start":{"line":12,"column":64},"end":{"line":12,"column":65}},"loc":{"start":{"line":12,"column":73},"end":{"line":12,"column":90}},"line":12},"2":{"name":"(anonymous_2)","decl":{"start":{"line":16,"column":8},"end":{"line":16,"column":9}},"loc":{"start":{"line":16,"column":14},"end":{"line":16,"column":60}},"line":16},"3":{"name":"(anonymous_3)","decl":{"start":{"line":16,"column":34},"end":{"line":16,"column":35}},"loc":{"start":{"line":16,"column":41},"end":{"line":16,"column":59}},"line":16},"4":{"name":"(anonymous_4)","decl":{"start":{"line":20,"column":14},"end":{"line":20,"column":15}},"loc":{"start":{"line":20,"column":20},"end":{"line":22,"column":5}},"line":20},"5":{"name":"(anonymous_5)","decl":{"start":{"line":24,"column":27},"end":{"line":24,"column":28}},"loc":{"start":{"line":24,"column":36},"end":{"line":26,"column":5}},"line":24},"6":{"name":"(anonymous_6)","decl":{"start":{"line":54,"column":37},"end":{"line":54,"column":38}},"loc":{"start":{"line":54,"column":43},"end":{"line":54,"column":63}},"line":54},"7":{"name":"(anonymous_7)","decl":{"start":{"line":62,"column":38},"end":{"line":62,"column":39}},"loc":{"start":{"line":62,"column":48},"end":{"line":62,"column":67}},"line":62},"8":{"name":"(anonymous_8)","decl":{"start":{"line":63,"column":36},"end":{"line":63,"column":37}},"loc":{"start":{"line":64,"column":28},"end":{"line":68,"column":30}},"line":64},"9":{"name":"(anonymous_9)","decl":{"start":{"line":67,"column":41},"end":{"line":67,"column":42}},"loc":{"start":{"line":67,"column":49},"end":{"line":67,"column":73}},"line":67},"10":{"name":"(anonymous_10)","decl":{"start":{"line":90,"column":42},"end":{"line":90,"column":43}},"loc":{"start":{"line":90,"column":52},"end":{"line":90,"column":71}},"line":90},"11":{"name":"(anonymous_11)","decl":{"start":{"line":91,"column":40},"end":{"line":91,"column":41}},"loc":{"start":{"line":92,"column":32},"end":{"line":96,"column":34}},"line":92},"12":{"name":"(anonymous_12)","decl":{"start":{"line":95,"column":45},"end":{"line":95,"column":46}},"loc":{"start":{"line":95,"column":55},"end":{"line":95,"column":79}},"line":95},"13":{"name":"(anonymous_13)","decl":{"start":{"line":104,"column":37},"end":{"line":104,"column":38}},"loc":{"start":{"line":104,"column":43},"end":{"line":106,"column":29}},"line":104}},"branchMap":{"0":{"loc":{"start":{"line":40,"column":17},"end":{"line":45,"column":17}},"type":"binary-expr","locations":[{"start":{"line":40,"column":17},"end":{"line":40,"column":24}},{"start":{"line":41,"column":20},"end":{"line":44,"column":27}}],"line":40},"1":{"loc":{"start":{"line":47,"column":17},"end":{"line":57,"column":17}},"type":"binary-expr","locations":[{"start":{"line":47,"column":17},"end":{"line":47,"column":22}},{"start":{"line":47,"column":26},"end":{"line":47,"column":34}},{"start":{"line":48,"column":20},"end":{"line":56,"column":27}}],"line":47},"2":{"loc":{"start":{"line":59,"column":17},"end":{"line":76,"column":17}},"type":"binary-expr","locations":[{"start":{"line":59,"column":17},"end":{"line":59,"column":25}},{"start":{"line":59,"column":29},"end":{"line":59,"column":35}},{"start":{"line":59,"column":39},"end":{"line":59,"column":53}},{"start":{"line":59,"column":57},"end":{"line":59,"column":62}},{"start":{"line":60,"column":20},"end":{"line":75,"column":22}}],"line":59},"3":{"loc":{"start":{"line":78,"column":17},"end":{"line":109,"column":17}},"type":"binary-expr","locations":[{"start":{"line":78,"column":17},"end":{"line":78,"column":25}},{"start":{"line":78,"column":29},"end":{"line":78,"column":43}},{"start":{"line":79,"column":20},"end":{"line":108,"column":27}}],"line":78},"4":{"loc":{"start":{"line":80,"column":25},"end":{"line":86,"column":25}},"type":"binary-expr","locations":[{"start":{"line":80,"column":25},"end":{"line":80,"column":47}},{"start":{"line":81,"column":28},"end":{"line":85,"column":35}}],"line":80}},"s":{"0":0,"1":0,"2":0,"3":0,"4":0,"5":0,"6":0,"7":0,"8":0,"9":0,"10":0,"11":0,"12":0,"13":0,"14":0,"15":0,"16":0,"17":0,"18":0,"19":0,"20":0},"f":{"0":0,"1":0,"2":0,"3":0,"4":0,"5":0,"6":0,"7":0,"8":0,"9":0,"10":0,"11":0,"12":0,"13":0},"b":{"0":[0,0],"1":[0,0,0],"2":[0,0,0,0,0],"3":[0,0,0],"4":[0,0]}}
,"/Users/ivaanbola/React/Interviews/Papa-John-Interview/src/screens/MessagesScreen.js": {"path":"/Users/ivaanbola/React/Interviews/Papa-John-Interview/src/screens/MessagesScreen.js","statementMap":{"0":{"start":{"line":4,"column":23},"end":{"line":10,"column":1}},"1":{"start":{"line":5,"column":2},"end":{"line":9,"column":3}}},"fnMap":{"0":{"name":"(anonymous_0)","decl":{"start":{"line":4,"column":23},"end":{"line":4,"column":24}},"loc":{"start":{"line":4,"column":29},"end":{"line":10,"column":1}},"line":4}},"branchMap":{},"s":{"0":0,"1":0},"f":{"0":0},"b":{}}
,"/Users/ivaanbola/React/Interviews/Papa-John-Interview/src/screens/ProfileScreen.js": {"path":"/Users/ivaanbola/React/Interviews/Papa-John-Interview/src/screens/ProfileScreen.js","statementMap":{"0":{"start":{"line":8,"column":22},"end":{"line":59,"column":1}},"1":{"start":{"line":10,"column":4},"end":{"line":58,"column":6}},"2":{"start":{"line":60,"column":15},"end":{"line":170,"column":2}}},"fnMap":{"0":{"name":"(anonymous_0)","decl":{"start":{"line":8,"column":22},"end":{"line":8,"column":23}},"loc":{"start":{"line":8,"column":28},"end":{"line":59,"column":1}},"line":8},"1":{"name":"(anonymous_1)","decl":{"start":{"line":51,"column":37},"end":{"line":51,"column":38}},"loc":{"start":{"line":51,"column":43},"end":{"line":52,"column":29}},"line":51}},"branchMap":{},"s":{"0":0,"1":0,"2":0},"f":{"0":0,"1":0},"b":{}}
,"/Users/ivaanbola/React/Interviews/Papa-John-Interview/src/screens/ResumeScreen.js": {"path":"/Users/ivaanbola/React/Interviews/Papa-John-Interview/src/screens/ResumeScreen.js","statementMap":{"0":{"start":{"line":10,"column":21},"end":{"line":10,"column":34}},"1":{"start":{"line":11,"column":29},"end":{"line":11,"column":68}},"2":{"start":{"line":11,"column":50},"end":{"line":11,"column":67}},"3":{"start":{"line":12,"column":16},"end":{"line":12,"column":17}},"4":{"start":{"line":13,"column":4},"end":{"line":17,"column":5}},"5":{"start":{"line":14,"column":8},"end":{"line":16,"column":9}},"6":{"start":{"line":15,"column":12},"end":{"line":15,"column":48}},"7":{"start":{"line":18,"column":4},"end":{"line":48,"column":6}},"8":{"start":{"line":22,"column":53},"end":{"line":22,"column":71}},"9":{"start":{"line":23,"column":44},"end":{"line":23,"column":52}},"10":{"start":{"line":25,"column":24},"end":{"line":30,"column":26}},"11":{"start":{"line":29,"column":47},"end":{"line":29,"column":71}},"12":{"start":{"line":35,"column":58},"end":{"line":35,"column":76}},"13":{"start":{"line":41,"column":57},"end":{"line":41,"column":75}},"14":{"start":{"line":50,"column":15},"end":{"line":61,"column":2}}},"fnMap":{"0":{"name":"ResumeScreen","decl":{"start":{"line":9,"column":24},"end":{"line":9,"column":36}},"loc":{"start":{"line":9,"column":53},"end":{"line":49,"column":1}},"line":9},"1":{"name":"(anonymous_1)","decl":{"start":{"line":11,"column":41},"end":{"line":11,"column":42}},"loc":{"start":{"line":11,"column":50},"end":{"line":11,"column":67}},"line":11},"2":{"name":"(anonymous_2)","decl":{"start":{"line":22,"column":46},"end":{"line":22,"column":47}},"loc":{"start":{"line":22,"column":53},"end":{"line":22,"column":71}},"line":22},"3":{"name":"(anonymous_3)","decl":{"start":{"line":23,"column":34},"end":{"line":23,"column":35}},"loc":{"start":{"line":23,"column":44},"end":{"line":23,"column":52}},"line":23},"4":{"name":"(anonymous_4)","decl":{"start":{"line":24,"column":32},"end":{"line":24,"column":33}},"loc":{"start":{"line":25,"column":24},"end":{"line":30,"column":26}},"line":25},"5":{"name":"(anonymous_5)","decl":{"start":{"line":29,"column":37},"end":{"line":29,"column":38}},"loc":{"start":{"line":29,"column":47},"end":{"line":29,"column":71}},"line":29},"6":{"name":"(anonymous_6)","decl":{"start":{"line":35,"column":51},"end":{"line":35,"column":52}},"loc":{"start":{"line":35,"column":58},"end":{"line":35,"column":76}},"line":35},"7":{"name":"(anonymous_7)","decl":{"start":{"line":41,"column":50},"end":{"line":41,"column":51}},"loc":{"start":{"line":41,"column":57},"end":{"line":41,"column":75}},"line":41},"8":{"name":"(anonymous_8)","decl":{"start":{"line":43,"column":29},"end":{"line":43,"column":30}},"loc":{"start":{"line":43,"column":35},"end":{"line":44,"column":21}},"line":43}},"branchMap":{"0":{"loc":{"start":{"line":14,"column":8},"end":{"line":16,"column":9}},"type":"if","locations":[{"start":{"line":14,"column":8},"end":{"line":16,"column":9}},{"start":{},"end":{}}],"line":14}},"s":{"0":0,"1":0,"2":0,"3":0,"4":0,"5":0,"6":0,"7":0,"8":0,"9":0,"10":0,"11":0,"12":0,"13":0,"14":0},"f":{"0":0,"1":0,"2":0,"3":0,"4":0,"5":0,"6":0,"7":0,"8":0},"b":{"0":[0,0]}}
,"/Users/ivaanbola/React/Interviews/Papa-John-Interview/src/screens/SettingsScreen.js": {"path":"/Users/ivaanbola/React/Interviews/Papa-John-Interview/src/screens/SettingsScreen.js","statementMap":{"0":{"start":{"line":7,"column":23},"end":{"line":101,"column":1}},"1":{"start":{"line":8,"column":25},"end":{"line":8,"column":30}},"2":{"start":{"line":9,"column":18},"end":{"line":9,"column":23}},"3":{"start":{"line":10,"column":24},"end":{"line":10,"column":29}},"4":{"start":{"line":11,"column":4},"end":{"line":100,"column":6}},"5":{"start":{"line":17,"column":57},"end":{"line":17,"column":89}},"6":{"start":{"line":30,"column":62},"end":{"line":30,"column":83}},"7":{"start":{"line":47,"column":57},"end":{"line":47,"column":75}},"8":{"start":{"line":60,"column":62},"end":{"line":60,"column":76}},"9":{"start":{"line":76,"column":57},"end":{"line":76,"column":87}},"10":{"start":{"line":89,"column":62},"end":{"line":89,"column":76}},"11":{"start":{"line":102,"column":15},"end":{"line":148,"column":2}}},"fnMap":{"0":{"name":"(anonymous_0)","decl":{"start":{"line":7,"column":23},"end":{"line":7,"column":24}},"loc":{"start":{"line":7,"column":29},"end":{"line":101,"column":1}},"line":7},"1":{"name":"(anonymous_1)","decl":{"start":{"line":17,"column":51},"end":{"line":17,"column":52}},"loc":{"start":{"line":17,"column":57},"end":{"line":17,"column":89}},"line":17},"2":{"name":"(anonymous_2)","decl":{"start":{"line":30,"column":46},"end":{"line":30,"column":47}},"loc":{"start":{"line":30,"column":62},"end":{"line":30,"column":83}},"line":30},"3":{"name":"(anonymous_3)","decl":{"start":{"line":47,"column":51},"end":{"line":47,"column":52}},"loc":{"start":{"line":47,"column":57},"end":{"line":47,"column":75}},"line":47},"4":{"name":"(anonymous_4)","decl":{"start":{"line":60,"column":46},"end":{"line":60,"column":47}},"loc":{"start":{"line":60,"column":62},"end":{"line":60,"column":76}},"line":60},"5":{"name":"(anonymous_5)","decl":{"start":{"line":76,"column":51},"end":{"line":76,"column":52}},"loc":{"start":{"line":76,"column":57},"end":{"line":76,"column":87}},"line":76},"6":{"name":"(anonymous_6)","decl":{"start":{"line":89,"column":46},"end":{"line":89,"column":47}},"loc":{"start":{"line":89,"column":62},"end":{"line":89,"column":76}},"line":89}},"branchMap":{"0":{"loc":{"start":{"line":21,"column":37},"end":{"line":24,"column":94}},"type":"cond-expr","locations":[{"start":{"line":22,"column":40},"end":{"line":22,"column":91}},{"start":{"line":24,"column":40},"end":{"line":24,"column":94}}],"line":21},"1":{"loc":{"start":{"line":51,"column":37},"end":{"line":54,"column":94}},"type":"cond-expr","locations":[{"start":{"line":52,"column":40},"end":{"line":52,"column":91}},{"start":{"line":54,"column":40},"end":{"line":54,"column":94}}],"line":51},"2":{"loc":{"start":{"line":80,"column":37},"end":{"line":83,"column":94}},"type":"cond-expr","locations":[{"start":{"line":81,"column":40},"end":{"line":81,"column":91}},{"start":{"line":83,"column":40},"end":{"line":83,"column":94}}],"line":80}},"s":{"0":0,"1":0,"2":0,"3":0,"4":0,"5":0,"6":0,"7":0,"8":0,"9":0,"10":0,"11":0},"f":{"0":0,"1":0,"2":0,"3":0,"4":0,"5":0,"6":0},"b":{"0":[0,0],"1":[0,0],"2":[0,0]}}
,"/Users/ivaanbola/React/Interviews/Papa-John-Interview/src/services/amiiboApi.js": {"path":"/Users/ivaanbola/React/Interviews/Papa-John-Interview/src/services/amiiboApi.js","statementMap":{"0":{"start":{"line":1,"column":19},"end":{"line":7,"column":1}},"1":{"start":{"line":11,"column":8},"end":{"line":11,"column":43}},"2":{"start":{"line":12,"column":8},"end":{"line":12,"column":42}},"3":{"start":{"line":16,"column":27},"end":{"line":16,"column":48}},"4":{"start":{"line":17,"column":26},"end":{"line":17,"column":76}},"5":{"start":{"line":17,"column":43},"end":{"line":17,"column":61}},"6":{"start":{"line":19,"column":8},"end":{"line":29,"column":9}},"7":{"start":{"line":20,"column":29},"end":{"line":23,"column":14}},"8":{"start":{"line":24,"column":12},"end":{"line":24,"column":36}},"9":{"start":{"line":25,"column":12},"end":{"line":25,"column":28}},"10":{"start":{"line":27,"column":12},"end":{"line":27,"column":36}},"11":{"start":{"line":28,"column":12},"end":{"line":28,"column":24}},"12":{"start":{"line":33,"column":8},"end":{"line":81,"column":9}},"13":{"start":{"line":34,"column":24},"end":{"line":34,"column":78}},"14":{"start":{"line":35,"column":29},"end":{"line":40,"column":14}},"15":{"start":{"line":42,"column":12},"end":{"line":47,"column":13}},"16":{"start":{"line":43,"column":16},"end":{"line":46,"column":18}},"17":{"start":{"line":49,"column":25},"end":{"line":49,"column":46}},"18":{"start":{"line":51,"column":12},"end":{"line":56,"column":13}},"19":{"start":{"line":52,"column":16},"end":{"line":55,"column":18}},"20":{"start":{"line":58,"column":12},"end":{"line":61,"column":14}},"21":{"start":{"line":63,"column":12},"end":{"line":68,"column":13}},"22":{"start":{"line":64,"column":16},"end":{"line":67,"column":18}},"23":{"start":{"line":70,"column":12},"end":{"line":75,"column":13}},"24":{"start":{"line":71,"column":16},"end":{"line":74,"column":18}},"25":{"start":{"line":77,"column":12},"end":{"line":80,"column":14}}},"fnMap":{"0":{"name":"(anonymous_0)","decl":{"start":{"line":10,"column":4},"end":{"line":10,"column":5}},"loc":{"start":{"line":10,"column":18},"end":{"line":13,"column":5}},"line":10},"1":{"name":"(anonymous_1)","decl":{"start":{"line":15,"column":4},"end":{"line":15,"column":5}},"loc":{"start":{"line":15,"column":46},"end":{"line":30,"column":5}},"line":15},"2":{"name":"(anonymous_2)","decl":{"start":{"line":17,"column":37},"end":{"line":17,"column":38}},"loc":{"start":{"line":17,"column":43},"end":{"line":17,"column":61}},"line":17},"3":{"name":"(anonymous_3)","decl":{"start":{"line":32,"column":4},"end":{"line":32,"column":5}},"loc":{"start":{"line":32,"column":28},"end":{"line":82,"column":5}},"line":32}},"branchMap":{"0":{"loc":{"start":{"line":15,"column":32},"end":{"line":15,"column":44}},"type":"default-arg","locations":[{"start":{"line":15,"column":42},"end":{"line":15,"column":44}}],"line":15},"1":{"loc":{"start":{"line":42,"column":12},"end":{"line":47,"column":13}},"type":"if","locations":[{"start":{"line":42,"column":12},"end":{"line":47,"column":13}},{"start":{},"end":{}}],"line":42},"2":{"loc":{"start":{"line":51,"column":12},"end":{"line":56,"column":13}},"type":"if","locations":[{"start":{"line":51,"column":12},"end":{"line":56,"column":13}},{"start":{},"end":{}}],"line":51},"3":{"loc":{"start":{"line":51,"column":16},"end":{"line":51,"column":68}},"type":"binary-expr","locations":[{"start":{"line":51,"column":16},"end":{"line":51,"column":21}},{"start":{"line":51,"column":25},"end":{"line":51,"column":37}},{"start":{"line":51,"column":41},"end":{"line":51,"column":68}}],"line":51},"4":{"loc":{"start":{"line":63,"column":12},"end":{"line":68,"column":13}},"type":"if","locations":[{"start":{"line":63,"column":12},"end":{"line":68,"column":13}},{"start":{},"end":{}}],"line":63},"5":{"loc":{"start":{"line":70,"column":12},"end":{"line":75,"column":13}},"type":"if","locations":[{"start":{"line":70,"column":12},"end":{"line":75,"column":13}},{"start":{},"end":{}}],"line":70},"6":{"loc":{"start":{"line":79,"column":23},"end":{"line":79,"column":70}},"type":"binary-expr","locations":[{"start":{"line":79,"column":23},"end":{"line":79,"column":36}},{"start":{"line":79,"column":40},"end":{"line":79,"column":70}}],"line":79}},"s":{"0":3,"1":3,"2":3,"3":7,"4":7,"5":0,"6":7,"7":7,"8":5,"9":5,"10":2,"11":2,"12":7,"13":7,"14":7,"15":5,"16":1,"17":4,"18":4,"19":3,"20":1,"21":2,"22":1,"23":1,"24":1,"25":0},"f":{"0":3,"1":7,"2":0,"3":7},"b":{"0":[0],"1":[1,4],"2":[3,1],"3":[4,4,2],"4":[1,1],"5":[1,0],"6":[0,0]},"_coverageSchema":"1a1c01bbd47fc00a2c39e90264f33305004495a9","hash":"835b7e202705c07d1a744350322ec639deffebf8"}
,"/Users/ivaanbola/React/Interviews/Papa-John-Interview/src/utils/Dimensions.js": {"path":"/Users/ivaanbola/React/Interviews/Papa-John-Interview/src/utils/Dimensions.js","statementMap":{"0":{"start":{"line":2,"column":27},"end":{"line":2,"column":57}},"1":{"start":{"line":3,"column":28},"end":{"line":3,"column":59}}},"fnMap":{},"branchMap":{},"s":{"0":0,"1":0},"f":{},"b":{}}
,"/Users/ivaanbola/React/Interviews/Papa-John-Interview/src/utils/Util.js": {"path":"/Users/ivaanbola/React/Interviews/Papa-John-Interview/src/utils/Util.js","statementMap":{"0":{"start":{"line":9,"column":8},"end":{"line":9,"column":61}},"1":{"start":{"line":18,"column":8},"end":{"line":18,"column":38}},"2":{"start":{"line":26,"column":8},"end":{"line":26,"column":61}},"3":{"start":{"line":35,"column":8},"end":{"line":37,"column":9}},"4":{"start":{"line":36,"column":12},"end":{"line":36,"column":24}},"5":{"start":{"line":38,"column":8},"end":{"line":40,"column":9}},"6":{"start":{"line":39,"column":12},"end":{"line":39,"column":25}},"7":{"start":{"line":41,"column":8},"end":{"line":41,"column":20}},"8":{"start":{"line":50,"column":8},"end":{"line":52,"column":14}},"9":{"start":{"line":51,"column":12},"end":{"line":51,"column":56}},"10":{"start":{"line":61,"column":8},"end":{"line":61,"column":70}},"11":{"start":{"line":61,"column":44},"end":{"line":61,"column":65}}},"fnMap":{"0":{"name":"(anonymous_0)","decl":{"start":{"line":8,"column":4},"end":{"line":8,"column":5}},"loc":{"start":{"line":8,"column":27},"end":{"line":10,"column":5}},"line":8},"1":{"name":"(anonymous_1)","decl":{"start":{"line":17,"column":4},"end":{"line":17,"column":5}},"loc":{"start":{"line":17,"column":15},"end":{"line":19,"column":5}},"line":17},"2":{"name":"(anonymous_2)","decl":{"start":{"line":25,"column":4},"end":{"line":25,"column":5}},"loc":{"start":{"line":25,"column":29},"end":{"line":27,"column":5}},"line":25},"3":{"name":"(anonymous_3)","decl":{"start":{"line":34,"column":4},"end":{"line":34,"column":5}},"loc":{"start":{"line":34,"column":18},"end":{"line":42,"column":5}},"line":34},"4":{"name":"(anonymous_4)","decl":{"start":{"line":49,"column":4},"end":{"line":49,"column":5}},"loc":{"start":{"line":49,"column":29},"end":{"line":53,"column":5}},"line":49},"5":{"name":"(anonymous_5)","decl":{"start":{"line":50,"column":27},"end":{"line":50,"column":28}},"loc":{"start":{"line":50,"column":44},"end":{"line":52,"column":9}},"line":50},"6":{"name":"(anonymous_6)","decl":{"start":{"line":60,"column":4},"end":{"line":60,"column":5}},"loc":{"start":{"line":60,"column":33},"end":{"line":62,"column":5}},"line":60},"7":{"name":"(anonymous_7)","decl":{"start":{"line":61,"column":27},"end":{"line":61,"column":28}},"loc":{"start":{"line":61,"column":44},"end":{"line":61,"column":65}},"line":61}},"branchMap":{"0":{"loc":{"start":{"line":35,"column":8},"end":{"line":37,"column":9}},"type":"if","locations":[{"start":{"line":35,"column":8},"end":{"line":37,"column":9}},{"start":{},"end":{}}],"line":35},"1":{"loc":{"start":{"line":38,"column":8},"end":{"line":40,"column":9}},"type":"if","locations":[{"start":{"line":38,"column":8},"end":{"line":40,"column":9}},{"start":{},"end":{}}],"line":38},"2":{"loc":{"start":{"line":38,"column":12},"end":{"line":38,"column":59}},"type":"binary-expr","locations":[{"start":{"line":38,"column":12},"end":{"line":38,"column":29}},{"start":{"line":38,"column":33},"end":{"line":38,"column":45}},{"start":{"line":38,"column":49},"end":{"line":38,"column":59}}],"line":38}},"s":{"0":20,"1":25,"2":17,"3":10,"4":3,"5":7,"6":3,"7":4,"8":3,"9":5,"10":3,"11":6},"f":{"0":20,"1":25,"2":17,"3":10,"4":3,"5":5,"6":3,"7":6},"b":{"0":[3,7],"1":[3,4],"2":[7,6,5]},"_coverageSchema":"1a1c01bbd47fc00a2c39e90264f33305004495a9","hash":"aa85766db7c81026c98cbe89497520d70e203978"}
}
